<?xml version="1.0" encoding="UTF-8"?>
<testng-results ignored="0" total="2" passed="2" failed="0" skipped="0">
  <reporter-output>
  </reporter-output>
  <suite started-at="2021-06-05T00:11:09 ART" name="Default suite" finished-at="2021-06-05T00:11:12 ART" duration-ms="3427">
    <groups>
    </groups>
    <test started-at="2021-06-05T00:11:09 ART" name="Default test" finished-at="2021-06-05T00:11:12 ART" duration-ms="3427">
      <class name="com.requests.GETandPOSTRequests">
        <test-method is-config="true" signature="setup()[pri:0, instance:com.requests.GETandPOSTRequests@bef2d72]" started-at="2021-06-05T00:11:09 ART" name="setup" finished-at="2021-06-05T00:11:09 ART" duration-ms="76" status="PASS">
          <reporter-output>
          </reporter-output>
        </test-method> <!-- setup -->
        <test-method signature="APIGetRequest()[pri:0, instance:com.requests.GETandPOSTRequests@bef2d72]" started-at="2021-06-05T00:11:09 ART" name="APIGetRequest" finished-at="2021-06-05T00:11:11 ART" duration-ms="2517" status="PASS">
          <reporter-output>
          </reporter-output>
        </test-method> <!-- APIGetRequest -->
        <test-method signature="APIPostRequest()[pri:0, instance:com.requests.GETandPOSTRequests@bef2d72]" started-at="2021-06-05T00:11:11 ART" name="APIPostRequest" finished-at="2021-06-05T00:11:12 ART" duration-ms="803" status="PASS">
          <reporter-output>
          </reporter-output>
        </test-method> <!-- APIPostRequest -->
      </class> <!-- com.requests.GETandPOSTRequests -->
    </test> <!-- Default test -->
  </suite> <!-- Default suite -->
</testng-results>
